[debug] [2020-08-13T22:01:47.058Z] ----------------------------------------------------------------------
[debug] [2020-08-13T22:01:47.062Z] Command:       C:\Program Files\nodejs\node.exe C:\Users\maka\AppData\Roaming\npm\node_modules\firebase-tools\lib\bin\firebase.js login --debug
[debug] [2020-08-13T22:01:47.062Z] CLI Version:   8.7.0
[debug] [2020-08-13T22:01:47.063Z] Platform:      win32
[debug] [2020-08-13T22:01:47.063Z] Node Version:  v13.9.0
[debug] [2020-08-13T22:01:47.065Z] Time:          Fri Aug 14 2020 00:01:47 GMT+0200 (توقيت شرق أوروبا الرسمي)
[debug] [2020-08-13T22:01:47.065Z] ----------------------------------------------------------------------
[debug] [2020-08-13T22:01:47.065Z] 
[info] i  Firebase optionally collects CLI usage and error reporting information to help improve our products. Data is collected in accordance with Google's privacy policy (https://policies.google.com/privacy) and is not used to identify you.
 
[info] i  To change your data collection preference at any time, run `firebase logout` and log in again. 
[info] 
[info] Visit this URL on this device to log in:
[info] https://accounts.google.com/o/oauth2/auth?client_id=563584335869-fgrhgmd47bqnekij5i8b5pr03ho849e6.apps.googleusercontent.com&scope=email%20openid%20https%3A%2F%2Fwww.googleapis.com%2Fauth%2Fcloudplatformprojects.readonly%20https%3A%2F%2Fwww.googleapis.com%2Fauth%2Ffirebase%20https%3A%2F%2Fwww.googleapis.com%2Fauth%2Fcloud-platform&response_type=code&state=256139033&redirect_uri=http%3A%2F%2Flocalhost%3A9005
[info] 
[info] Waiting for authentication...
[debug] [2020-08-13T22:01:59.104Z] Error: spawn cmd ENOENT
    at Process.ChildProcess._handle.onexit (internal/child_process.js:267:19)
    at onErrorNT (internal/child_process.js:467:16)
    at processTicksAndRejections (internal/process/task_queues.js:84:21)
[error] 
[error] Error: An unexpected error has occurred.
[debug] [2020-08-13T22:02:06.722Z] ----------------------------------------------------------------------
[debug] [2020-08-13T22:02:06.726Z] Command:       C:\Program Files\nodejs\node.exe C:\Users\maka\AppData\Roaming\npm\node_modules\firebase-tools\lib\bin\firebase.js login
[debug] [2020-08-13T22:02:06.726Z] CLI Version:   8.7.0
[debug] [2020-08-13T22:02:06.726Z] Platform:      win32
[debug] [2020-08-13T22:02:06.727Z] Node Version:  v13.9.0
[debug] [2020-08-13T22:02:06.729Z] Time:          Fri Aug 14 2020 00:02:06 GMT+0200 (توقيت شرق أوروبا الرسمي)
[debug] [2020-08-13T22:02:06.729Z] ----------------------------------------------------------------------
[debug] [2020-08-13T22:02:06.729Z] 
[info] i  Firebase optionally collects CLI usage and error reporting information to help improve our products. Data is collected in accordance with Google's privacy policy (https://policies.google.com/privacy) and is not used to identify you.
 
[info] i  To change your data collection preference at any time, run `firebase logout` and log in again. 
[info] 
[info] Visit this URL on this device to log in:
[info] https://accounts.google.com/o/oauth2/auth?client_id=563584335869-fgrhgmd47bqnekij5i8b5pr03ho849e6.apps.googleusercontent.com&scope=email%20openid%20https%3A%2F%2Fwww.googleapis.com%2Fauth%2Fcloudplatformprojects.readonly%20https%3A%2F%2Fwww.googleapis.com%2Fauth%2Ffirebase%20https%3A%2F%2Fwww.googleapis.com%2Fauth%2Fcloud-platform&response_type=code&state=596917891&redirect_uri=http%3A%2F%2Flocalhost%3A9005
[info] 
[info] Waiting for authentication...
[debug] [2020-08-13T22:02:16.485Z] Error: spawn cmd ENOENT
    at Process.ChildProcess._handle.onexit (internal/child_process.js:267:19)
    at onErrorNT (internal/child_process.js:467:16)
    at processTicksAndRejections (internal/process/task_queues.js:84:21)
[error] 
[error] Error: An unexpected error has occurred.
